---------------------------------------------------------------

[2020-12-12T21:52:45+08:00] 47.102.213.254 GET shop.lilymin.com/chapter_content/341/137
[运行时间：3.320634s] [吞吐率：0.30req/s] [内存消耗：46,499.77kb] [文件加载：81]
[ info ] [ LANG ] /www/wwwroot/www.lilymin.com/thinkphp/lang/zh-cn.php
[ info ] [ ROUTE ] array (
  'rule' => 'chapter_content/<id>/<nid>',
  'route' => 'index/Index/content',
  'option' => 
  array (
    'merge_rule_regex' => false,
  ),
  'var' => 
  array (
    'id' => '341',
    'nid' => '137',
  ),
)
[ info ] [ HEADER ] array (
  'accept-encoding' => 'gzip',
  'referer' => 'https://shop.lilymin.com/chapter/137?page=3',
  'user-agent' => 'Mozilla/5.0 (Windows NT 10.0; rv:68.0) Gecko/20100101 Firefox/68.0',
  'host' => 'shop.lilymin.com',
)
[ info ] [ PARAM ] array (
  'id' => '341',
  'nid' => '137',
)
[ info ] [ DB ] INIT mysql
[ info ] [ VIEW ] /www/wwwroot/www.lilymin.com/application/index/view/content.html [ array (
  0 => 'nid',
  1 => 'data',
  2 => 'prev',
  3 => 'next',
  4 => 'title',
) ]
[ sql ] [ DB ] CONNECT:[ UseTime:0.119148s ] mysql:host=127.0.0.1;dbname=bk;charset=utf8
[ sql ] [ SQL ] SHOW COLUMNS FROM `k_novel_content` [ RunTime:0.070234s ]
[ sql ] [ SQL ] SELECT `id`,`content`,`title`,`novel_id` FROM `k_novel_content` WHERE (  `novel_id` = 137 ) AND `k_novel_content`.`delete_time` IS NULL ORDER BY `id` ASC [ RunTime:1.947523s ]
