[2021-04-27T00:00:02+08:00][ info ] [ LANG ] /www/wwwroot/www.lilymin.com/thinkphp/lang/zh-cn.php
info
[2021-04-27T00:00:02+08:00][ info ] [ DB ] INIT mysql
info
[2021-04-27T00:00:02+08:00][ sql ] [ DB ] CONNECT:[ UseTime:0.000441s ] mysql:host=127.0.0.1;dbname=bk;charset=utf8
sql
[2021-04-27T00:00:02+08:00][ sql ] [ SQL ] SHOW COLUMNS FROM `k_novel` [ RunTime:0.000749s ]
sql
[2021-04-27T00:00:02+08:00][ sql ] [ SQL ] SELECT `id`,`target_url`,`last_url`,`novel_state` FROM `k_novel` WHERE (  `novel_state` = 1 ) AND `k_novel`.`delete_time` IS NULL [ RunTime:0.000253s ]
sql
[2021-04-27T00:02:09+08:00][ error ] [8]Undefined offset: 0[/www/wwwroot/www.lilymin.com/application/common/task/NovelUpdate.php:27]
error
[2021-04-27T00:02:09+08:00][ error ] [8]Undefined offset: 2[/www/wwwroot/www.lilymin.com/application/common/task/NovelUpdate.php:29]
error
[2021-04-27T00:04:16+08:00][ error ] [8]Undefined offset: 0[/www/wwwroot/www.lilymin.com/application/common/task/NovelUpdate.php:27]
error
[2021-04-27T00:04:16+08:00][ error ] [8]Undefined offset: 2[/www/wwwroot/www.lilymin.com/application/common/task/NovelUpdate.php:29]
error
[2021-04-27T00:06:23+08:00][ error ] [8]Undefined offset: 0[/www/wwwroot/www.lilymin.com/application/common/task/NovelUpdate.php:27]
error
[2021-04-27T00:06:23+08:00][ error ] [8]Undefined offset: 2[/www/wwwroot/www.lilymin.com/application/common/task/NovelUpdate.php:29]
error
[2021-04-27T00:08:31+08:00][ error ] [8]Undefined offset: 0[/www/wwwroot/www.lilymin.com/application/common/task/NovelUpdate.php:27]
error
[2021-04-27T00:08:31+08:00][ error ] [8]Undefined offset: 2[/www/wwwroot/www.lilymin.com/application/common/task/NovelUpdate.php:29]
error
[2021-04-27T00:10:38+08:00][ error ] [8]Undefined offset: 0[/www/wwwroot/www.lilymin.com/application/common/task/NovelUpdate.php:27]
error
[2021-04-27T00:10:38+08:00][ error ] [8]Undefined offset: 2[/www/wwwroot/www.lilymin.com/application/common/task/NovelUpdate.php:29]
error
[2021-04-27T00:10:38+08:00][ error ] [8]Undefined offset: 0[/www/wwwroot/www.lilymin.com/application/common/task/NovelUpdate.php:27]
error
[2021-04-27T00:10:38+08:00][ error ] [8]Undefined offset: 2[/www/wwwroot/www.lilymin.com/application/common/task/NovelUpdate.php:29]
error
