[2021-05-07T00:00:02+08:00][ info ] [ LANG ] /www/wwwroot/www.lilymin.com/thinkphp/lang/zh-cn.php
info
[2021-05-07T00:00:02+08:00][ info ] [ DB ] INIT mysql
info
[2021-05-07T00:00:02+08:00][ sql ] [ DB ] CONNECT:[ UseTime:0.000724s ] mysql:host=127.0.0.1;dbname=bk;charset=utf8
sql
[2021-05-07T00:00:02+08:00][ sql ] [ SQL ] SHOW COLUMNS FROM `k_novel` [ RunTime:0.000753s ]
sql
[2021-05-07T00:00:02+08:00][ sql ] [ SQL ] SELECT `id`,`target_url`,`last_url`,`novel_state` FROM `k_novel` WHERE (  `novel_state` = 1 ) AND `k_novel`.`delete_time` IS NULL [ RunTime:0.000288s ]
sql
[2021-05-07T00:05:02+08:00][ error ] [8]Undefined offset: 0[/www/wwwroot/www.lilymin.com/application/common/task/NovelUpdate.php:27]
error
[2021-05-07T00:05:02+08:00][ error ] [8]Undefined offset: 2[/www/wwwroot/www.lilymin.com/application/common/task/NovelUpdate.php:29]
error
[2021-05-07T00:07:09+08:00][ error ] [8]Undefined offset: 0[/www/wwwroot/www.lilymin.com/application/common/task/NovelUpdate.php:27]
error
[2021-05-07T00:07:09+08:00][ error ] [8]Undefined offset: 2[/www/wwwroot/www.lilymin.com/application/common/task/NovelUpdate.php:29]
error
[2021-05-07T00:09:16+08:00][ error ] [8]Undefined offset: 0[/www/wwwroot/www.lilymin.com/application/common/task/NovelUpdate.php:27]
error
[2021-05-07T00:09:16+08:00][ error ] [8]Undefined offset: 2[/www/wwwroot/www.lilymin.com/application/common/task/NovelUpdate.php:29]
error
[2021-05-07T00:11:23+08:00][ error ] [8]Undefined offset: 0[/www/wwwroot/www.lilymin.com/application/common/task/NovelUpdate.php:27]
error
[2021-05-07T00:11:23+08:00][ error ] [8]Undefined offset: 2[/www/wwwroot/www.lilymin.com/application/common/task/NovelUpdate.php:29]
error
[2021-05-07T00:13:31+08:00][ error ] [8]Undefined offset: 0[/www/wwwroot/www.lilymin.com/application/common/task/NovelUpdate.php:27]
error
[2021-05-07T00:13:31+08:00][ error ] [8]Undefined offset: 2[/www/wwwroot/www.lilymin.com/application/common/task/NovelUpdate.php:29]
error
[2021-05-07T00:15:38+08:00][ error ] [8]Undefined offset: 0[/www/wwwroot/www.lilymin.com/application/common/task/NovelUpdate.php:27]
error
[2021-05-07T00:15:38+08:00][ error ] [8]Undefined offset: 2[/www/wwwroot/www.lilymin.com/application/common/task/NovelUpdate.php:29]
error
