[2021-05-09T00:00:01+08:00][ info ] [ LANG ] /www/wwwroot/www.lilymin.com/thinkphp/lang/zh-cn.php
info
[2021-05-09T00:00:01+08:00][ info ] [ DB ] INIT mysql
info
[2021-05-09T00:00:01+08:00][ sql ] [ DB ] CONNECT:[ UseTime:0.000390s ] mysql:host=127.0.0.1;dbname=bk;charset=utf8
sql
[2021-05-09T00:00:01+08:00][ sql ] [ SQL ] SHOW COLUMNS FROM `k_novel` [ RunTime:0.001043s ]
sql
[2021-05-09T00:00:01+08:00][ sql ] [ SQL ] SELECT `id`,`target_url`,`last_url`,`novel_state` FROM `k_novel` WHERE (  `novel_state` = 1 ) AND `k_novel`.`delete_time` IS NULL [ RunTime:0.000227s ]
sql
[2021-05-09T00:02:08+08:00][ error ] [8]Undefined offset: 0[/www/wwwroot/www.lilymin.com/application/common/task/NovelUpdate.php:27]
error
[2021-05-09T00:02:08+08:00][ error ] [8]Undefined offset: 2[/www/wwwroot/www.lilymin.com/application/common/task/NovelUpdate.php:29]
error
[2021-05-09T00:04:16+08:00][ error ] [8]Undefined offset: 0[/www/wwwroot/www.lilymin.com/application/common/task/NovelUpdate.php:27]
error
[2021-05-09T00:04:16+08:00][ error ] [8]Undefined offset: 2[/www/wwwroot/www.lilymin.com/application/common/task/NovelUpdate.php:29]
error
[2021-05-09T00:06:23+08:00][ error ] [8]Undefined offset: 0[/www/wwwroot/www.lilymin.com/application/common/task/NovelUpdate.php:27]
error
[2021-05-09T00:06:23+08:00][ error ] [8]Undefined offset: 2[/www/wwwroot/www.lilymin.com/application/common/task/NovelUpdate.php:29]
error
[2021-05-09T00:08:30+08:00][ error ] [8]Undefined offset: 0[/www/wwwroot/www.lilymin.com/application/common/task/NovelUpdate.php:27]
error
[2021-05-09T00:08:30+08:00][ error ] [8]Undefined offset: 2[/www/wwwroot/www.lilymin.com/application/common/task/NovelUpdate.php:29]
error
[2021-05-09T00:13:30+08:00][ error ] [8]Undefined offset: 0[/www/wwwroot/www.lilymin.com/application/common/task/NovelUpdate.php:27]
error
[2021-05-09T00:13:30+08:00][ error ] [8]Undefined offset: 2[/www/wwwroot/www.lilymin.com/application/common/task/NovelUpdate.php:29]
error
